running egg_info
creating ../../build/surveillance_robot/surveillance_robot.egg-info
writing ../../build/surveillance_robot/surveillance_robot.egg-info/PKG-INFO
writing dependency_links to ../../build/surveillance_robot/surveillance_robot.egg-info/dependency_links.txt
writing entry points to ../../build/surveillance_robot/surveillance_robot.egg-info/entry_points.txt
writing requirements to ../../build/surveillance_robot/surveillance_robot.egg-info/requires.txt
writing top-level names to ../../build/surveillance_robot/surveillance_robot.egg-info/top_level.txt
writing manifest file '../../build/surveillance_robot/surveillance_robot.egg-info/SOURCES.txt'
reading manifest file '../../build/surveillance_robot/surveillance_robot.egg-info/SOURCES.txt'
writing manifest file '../../build/surveillance_robot/surveillance_robot.egg-info/SOURCES.txt'
running build
running build_py
creating /home/steve/ros2-surveillance-robot/build/surveillance_robot/build
creating /home/steve/ros2-surveillance-robot/build/surveillance_robot/build/lib
creating /home/steve/ros2-surveillance-robot/build/surveillance_robot/build/lib/surveillance_robot
copying surveillance_robot/surveillance_manager.py -> /home/steve/ros2-surveillance-robot/build/surveillance_robot/build/lib/surveillance_robot
copying surveillance_robot/camera_sensor.py -> /home/steve/ros2-surveillance-robot/build/surveillance_robot/build/lib/surveillance_robot
copying surveillance_robot/anomaly_detector.py -> /home/steve/ros2-surveillance-robot/build/surveillance_robot/build/lib/surveillance_robot
copying surveillance_robot/robot_navigator.py -> /home/steve/ros2-surveillance-robot/build/surveillance_robot/build/lib/surveillance_robot
copying surveillance_robot/__init__.py -> /home/steve/ros2-surveillance-robot/build/surveillance_robot/build/lib/surveillance_robot
running install
running install_lib
creating /home/steve/ros2-surveillance-robot/install/surveillance_robot/lib/python3.12/site-packages/surveillance_robot
copying /home/steve/ros2-surveillance-robot/build/surveillance_robot/build/lib/surveillance_robot/surveillance_manager.py -> /home/steve/ros2-surveillance-robot/install/surveillance_robot/lib/python3.12/site-packages/surveillance_robot
copying /home/steve/ros2-surveillance-robot/build/surveillance_robot/build/lib/surveillance_robot/camera_sensor.py -> /home/steve/ros2-surveillance-robot/install/surveillance_robot/lib/python3.12/site-packages/surveillance_robot
copying /home/steve/ros2-surveillance-robot/build/surveillance_robot/build/lib/surveillance_robot/anomaly_detector.py -> /home/steve/ros2-surveillance-robot/install/surveillance_robot/lib/python3.12/site-packages/surveillance_robot
copying /home/steve/ros2-surveillance-robot/build/surveillance_robot/build/lib/surveillance_robot/robot_navigator.py -> /home/steve/ros2-surveillance-robot/install/surveillance_robot/lib/python3.12/site-packages/surveillance_robot
copying /home/steve/ros2-surveillance-robot/build/surveillance_robot/build/lib/surveillance_robot/__init__.py -> /home/steve/ros2-surveillance-robot/install/surveillance_robot/lib/python3.12/site-packages/surveillance_robot
byte-compiling /home/steve/ros2-surveillance-robot/install/surveillance_robot/lib/python3.12/site-packages/surveillance_robot/surveillance_manager.py to surveillance_manager.cpython-312.pyc
byte-compiling /home/steve/ros2-surveillance-robot/install/surveillance_robot/lib/python3.12/site-packages/surveillance_robot/camera_sensor.py to camera_sensor.cpython-312.pyc
byte-compiling /home/steve/ros2-surveillance-robot/install/surveillance_robot/lib/python3.12/site-packages/surveillance_robot/anomaly_detector.py to anomaly_detector.cpython-312.pyc
byte-compiling /home/steve/ros2-surveillance-robot/install/surveillance_robot/lib/python3.12/site-packages/surveillance_robot/robot_navigator.py to robot_navigator.cpython-312.pyc
byte-compiling /home/steve/ros2-surveillance-robot/install/surveillance_robot/lib/python3.12/site-packages/surveillance_robot/__init__.py to __init__.cpython-312.pyc
running install_data
creating /home/steve/ros2-surveillance-robot/install/surveillance_robot/share/ament_index
creating /home/steve/ros2-surveillance-robot/install/surveillance_robot/share/ament_index/resource_index
creating /home/steve/ros2-surveillance-robot/install/surveillance_robot/share/ament_index/resource_index/packages
copying resource/surveillance_robot -> /home/steve/ros2-surveillance-robot/install/surveillance_robot/share/ament_index/resource_index/packages
copying package.xml -> /home/steve/ros2-surveillance-robot/install/surveillance_robot/share/surveillance_robot
running install_egg_info
Copying ../../build/surveillance_robot/surveillance_robot.egg-info to /home/steve/ros2-surveillance-robot/install/surveillance_robot/lib/python3.12/site-packages/surveillance_robot-0.0.1-py3.12.egg-info
running install_scripts
Installing anomaly_detector script to /home/steve/ros2-surveillance-robot/install/surveillance_robot/lib/surveillance_robot
Installing camera_sensor script to /home/steve/ros2-surveillance-robot/install/surveillance_robot/lib/surveillance_robot
Installing robot_navigator script to /home/steve/ros2-surveillance-robot/install/surveillance_robot/lib/surveillance_robot
Installing surveillance_manager script to /home/steve/ros2-surveillance-robot/install/surveillance_robot/lib/surveillance_robot
writing list of installed files to '/home/steve/ros2-surveillance-robot/build/surveillance_robot/install.log'
