running egg_info
writing ../../build/surveillance_robot/surveillance_robot.egg-info/PKG-INFO
writing dependency_links to ../../build/surveillance_robot/surveillance_robot.egg-info/dependency_links.txt
writing entry points to ../../build/surveillance_robot/surveillance_robot.egg-info/entry_points.txt
writing requirements to ../../build/surveillance_robot/surveillance_robot.egg-info/requires.txt
writing top-level names to ../../build/surveillance_robot/surveillance_robot.egg-info/top_level.txt
reading manifest file '../../build/surveillance_robot/surveillance_robot.egg-info/SOURCES.txt'
writing manifest file '../../build/surveillance_robot/surveillance_robot.egg-info/SOURCES.txt'
running build
running build_py
running install
running install_lib
running install_data
creating /home/steve/ros2-surveillance-robot/install/surveillance_robot/share/surveillance_robot/launch
copying ../../launch/surveillance.launch.py -> /home/steve/ros2-surveillance-robot/install/surveillance_robot/share/surveillance_robot/launch
running install_egg_info
removing '/home/steve/ros2-surveillance-robot/install/surveillance_robot/lib/python3.12/site-packages/surveillance_robot-0.0.1-py3.12.egg-info' (and everything under it)
Copying ../../build/surveillance_robot/surveillance_robot.egg-info to /home/steve/ros2-surveillance-robot/install/surveillance_robot/lib/python3.12/site-packages/surveillance_robot-0.0.1-py3.12.egg-info
running install_scripts
Installing anomaly_detector script to /home/steve/ros2-surveillance-robot/install/surveillance_robot/lib/surveillance_robot
Installing camera_sensor script to /home/steve/ros2-surveillance-robot/install/surveillance_robot/lib/surveillance_robot
Installing robot_navigator script to /home/steve/ros2-surveillance-robot/install/surveillance_robot/lib/surveillance_robot
Installing surveillance_manager script to /home/steve/ros2-surveillance-robot/install/surveillance_robot/lib/surveillance_robot
writing list of installed files to '/home/steve/ros2-surveillance-robot/build/surveillance_robot/install.log'
