/home/steve/ros2-surveillance-robot/install/surveillance_robot/lib/python3.12/site-packages/surveillance_robot/surveillance_manager.py
/home/steve/ros2-surveillance-robot/install/surveillance_robot/lib/python3.12/site-packages/surveillance_robot/camera_sensor.py
/home/steve/ros2-surveillance-robot/install/surveillance_robot/lib/python3.12/site-packages/surveillance_robot/anomaly_detector.py
/home/steve/ros2-surveillance-robot/install/surveillance_robot/lib/python3.12/site-packages/surveillance_robot/robot_navigator.py
/home/steve/ros2-surveillance-robot/install/surveillance_robot/lib/python3.12/site-packages/surveillance_robot/__init__.py
/home/steve/ros2-surveillance-robot/install/surveillance_robot/lib/python3.12/site-packages/surveillance_robot/__pycache__/surveillance_manager.cpython-312.pyc
/home/steve/ros2-surveillance-robot/install/surveillance_robot/lib/python3.12/site-packages/surveillance_robot/__pycache__/camera_sensor.cpython-312.pyc
/home/steve/ros2-surveillance-robot/install/surveillance_robot/lib/python3.12/site-packages/surveillance_robot/__pycache__/anomaly_detector.cpython-312.pyc
/home/steve/ros2-surveillance-robot/install/surveillance_robot/lib/python3.12/site-packages/surveillance_robot/__pycache__/robot_navigator.cpython-312.pyc
/home/steve/ros2-surveillance-robot/install/surveillance_robot/lib/python3.12/site-packages/surveillance_robot/__pycache__/__init__.cpython-312.pyc
/home/steve/ros2-surveillance-robot/install/surveillance_robot/share/ament_index/resource_index/packages/surveillance_robot
/home/steve/ros2-surveillance-robot/install/surveillance_robot/share/surveillance_robot/package.xml
/home/steve/ros2-surveillance-robot/install/surveillance_robot/share/surveillance_robot/launch/surveillance.launch.py
/home/steve/ros2-surveillance-robot/install/surveillance_robot/lib/python3.12/site-packages/surveillance_robot-0.0.1-py3.12.egg-info/entry_points.txt
/home/steve/ros2-surveillance-robot/install/surveillance_robot/lib/python3.12/site-packages/surveillance_robot-0.0.1-py3.12.egg-info/dependency_links.txt
/home/steve/ros2-surveillance-robot/install/surveillance_robot/lib/python3.12/site-packages/surveillance_robot-0.0.1-py3.12.egg-info/zip-safe
/home/steve/ros2-surveillance-robot/install/surveillance_robot/lib/python3.12/site-packages/surveillance_robot-0.0.1-py3.12.egg-info/top_level.txt
/home/steve/ros2-surveillance-robot/install/surveillance_robot/lib/python3.12/site-packages/surveillance_robot-0.0.1-py3.12.egg-info/SOURCES.txt
/home/steve/ros2-surveillance-robot/install/surveillance_robot/lib/python3.12/site-packages/surveillance_robot-0.0.1-py3.12.egg-info/requires.txt
/home/steve/ros2-surveillance-robot/install/surveillance_robot/lib/python3.12/site-packages/surveillance_robot-0.0.1-py3.12.egg-info/PKG-INFO
/home/steve/ros2-surveillance-robot/install/surveillance_robot/lib/surveillance_robot/anomaly_detector
/home/steve/ros2-surveillance-robot/install/surveillance_robot/lib/surveillance_robot/camera_sensor
/home/steve/ros2-surveillance-robot/install/surveillance_robot/lib/surveillance_robot/robot_navigator
/home/steve/ros2-surveillance-robot/install/surveillance_robot/lib/surveillance_robot/surveillance_manager
