[0.355s] DEBUG:colcon:Command line arguments: ['/usr/bin/colcon', 'build', '--packages-select', 'surveillance_robot']
[0.355s] DEBUG:colcon:Parsed command line arguments: Namespace(log_base=None, log_level=None, verb_name='build', build_base='build', install_base='install', merge_install=False, symlink_install=False, test_result_base=None, continue_on_error=False, executor='parallel', parallel_workers=8, event_handlers=None, ignore_user_meta=False, metas=['./colcon.meta'], base_paths=['.'], packages_ignore=None, packages_ignore_regex=None, paths=None, packages_up_to=None, packages_up_to_regex=None, packages_above=None, packages_above_and_dependencies=None, packages_above_depth=None, packages_select_by_dep=None, packages_skip_by_dep=None, packages_skip_up_to=None, packages_select_build_failed=False, packages_skip_build_finished=False, packages_select_test_failures=False, packages_skip_test_passed=False, packages_select=['surveillance_robot'], packages_skip=None, packages_select_regex=None, packages_skip_regex=None, packages_start=None, packages_end=None, allow_overriding=[], cmake_args=None, cmake_target=None, cmake_target_skip_unavailable=False, cmake_clean_cache=False, cmake_clean_first=False, cmake_force_configure=False, ament_cmake_args=None, catkin_cmake_args=None, catkin_skip_building_tests=False, verb_parser=<colcon_defaults.argument_parser.defaults.DefaultArgumentsDecorator object at 0x7f526f76e330>, verb_extension=<colcon_core.verb.build.BuildVerb object at 0x7f526f76d280>, main=<bound method BuildVerb.main of <colcon_core.verb.build.BuildVerb object at 0x7f526f76d280>>)
[0.446s] Level 1:colcon.colcon_core.package_discovery:discover_packages(colcon_meta) check parameters
[0.446s] Level 1:colcon.colcon_core.package_discovery:discover_packages(recursive) check parameters
[0.447s] Level 1:colcon.colcon_core.package_discovery:discover_packages(ignore) check parameters
[0.447s] Level 1:colcon.colcon_core.package_discovery:discover_packages(path) check parameters
[0.447s] Level 1:colcon.colcon_core.package_discovery:discover_packages(colcon_meta) discover
[0.447s] Level 1:colcon.colcon_core.package_discovery:discover_packages(recursive) discover
[0.447s] INFO:colcon.colcon_core.package_discovery:Crawling recursively for packages in '/home/steve/ros2-surveillance-robot'
[0.447s] Level 1:colcon.colcon_core.package_identification:_identify(.) by extensions ['ignore', 'ignore_ament_install']
[0.447s] Level 1:colcon.colcon_core.package_identification:_identify(.) by extension 'ignore'
[0.447s] Level 1:colcon.colcon_core.package_identification:_identify(.) by extension 'ignore_ament_install'
[0.447s] Level 1:colcon.colcon_core.package_identification:_identify(.) by extensions ['colcon_pkg']
[0.447s] Level 1:colcon.colcon_core.package_identification:_identify(.) by extension 'colcon_pkg'
[0.448s] Level 1:colcon.colcon_core.package_identification:_identify(.) by extensions ['colcon_meta']
[0.448s] Level 1:colcon.colcon_core.package_identification:_identify(.) by extension 'colcon_meta'
[0.448s] Level 1:colcon.colcon_core.package_identification:_identify(.) by extensions ['ros']
[0.448s] Level 1:colcon.colcon_core.package_identification:_identify(.) by extension 'ros'
[0.493s] Level 1:colcon.colcon_core.package_identification:_identify(.) by extensions ['cmake', 'python']
[0.493s] Level 1:colcon.colcon_core.package_identification:_identify(.) by extension 'cmake'
[0.493s] Level 1:colcon.colcon_core.package_identification:_identify(.) by extension 'python'
[0.493s] Level 1:colcon.colcon_core.package_identification:_identify(.) by extensions ['python_setup_py']
[0.493s] Level 1:colcon.colcon_core.package_identification:_identify(.) by extension 'python_setup_py'
[0.494s] Level 1:colcon.colcon_core.package_identification:_identify(build) by extensions ['ignore', 'ignore_ament_install']
[0.494s] Level 1:colcon.colcon_core.package_identification:_identify(build) by extension 'ignore'
[0.494s] Level 1:colcon.colcon_core.package_identification:_identify(build) ignored
[0.494s] Level 1:colcon.colcon_core.package_identification:_identify(install) by extensions ['ignore', 'ignore_ament_install']
[0.494s] Level 1:colcon.colcon_core.package_identification:_identify(install) by extension 'ignore'
[0.495s] Level 1:colcon.colcon_core.package_identification:_identify(install) ignored
[0.495s] Level 1:colcon.colcon_core.package_identification:_identify(launch) by extensions ['ignore', 'ignore_ament_install']
[0.495s] Level 1:colcon.colcon_core.package_identification:_identify(launch) by extension 'ignore'
[0.495s] Level 1:colcon.colcon_core.package_identification:_identify(launch) by extension 'ignore_ament_install'
[0.495s] Level 1:colcon.colcon_core.package_identification:_identify(launch) by extensions ['colcon_pkg']
[0.495s] Level 1:colcon.colcon_core.package_identification:_identify(launch) by extension 'colcon_pkg'
[0.495s] Level 1:colcon.colcon_core.package_identification:_identify(launch) by extensions ['colcon_meta']
[0.495s] Level 1:colcon.colcon_core.package_identification:_identify(launch) by extension 'colcon_meta'
[0.495s] Level 1:colcon.colcon_core.package_identification:_identify(launch) by extensions ['ros']
[0.496s] Level 1:colcon.colcon_core.package_identification:_identify(launch) by extension 'ros'
[0.496s] Level 1:colcon.colcon_core.package_identification:_identify(launch) by extensions ['cmake', 'python']
[0.496s] Level 1:colcon.colcon_core.package_identification:_identify(launch) by extension 'cmake'
[0.496s] Level 1:colcon.colcon_core.package_identification:_identify(launch) by extension 'python'
[0.496s] Level 1:colcon.colcon_core.package_identification:_identify(launch) by extensions ['python_setup_py']
[0.496s] Level 1:colcon.colcon_core.package_identification:_identify(launch) by extension 'python_setup_py'
[0.496s] Level 1:colcon.colcon_core.package_identification:_identify(log) by extensions ['ignore', 'ignore_ament_install']
[0.496s] Level 1:colcon.colcon_core.package_identification:_identify(log) by extension 'ignore'
[0.496s] Level 1:colcon.colcon_core.package_identification:_identify(log) ignored
[0.497s] Level 1:colcon.colcon_core.package_identification:_identify(src) by extensions ['ignore', 'ignore_ament_install']
[0.497s] Level 1:colcon.colcon_core.package_identification:_identify(src) by extension 'ignore'
[0.497s] Level 1:colcon.colcon_core.package_identification:_identify(src) by extension 'ignore_ament_install'
[0.497s] Level 1:colcon.colcon_core.package_identification:_identify(src) by extensions ['colcon_pkg']
[0.497s] Level 1:colcon.colcon_core.package_identification:_identify(src) by extension 'colcon_pkg'
[0.497s] Level 1:colcon.colcon_core.package_identification:_identify(src) by extensions ['colcon_meta']
[0.497s] Level 1:colcon.colcon_core.package_identification:_identify(src) by extension 'colcon_meta'
[0.497s] Level 1:colcon.colcon_core.package_identification:_identify(src) by extensions ['ros']
[0.497s] Level 1:colcon.colcon_core.package_identification:_identify(src) by extension 'ros'
[0.497s] Level 1:colcon.colcon_core.package_identification:_identify(src) by extensions ['cmake', 'python']
[0.497s] Level 1:colcon.colcon_core.package_identification:_identify(src) by extension 'cmake'
[0.497s] Level 1:colcon.colcon_core.package_identification:_identify(src) by extension 'python'
[0.497s] Level 1:colcon.colcon_core.package_identification:_identify(src) by extensions ['python_setup_py']
[0.497s] Level 1:colcon.colcon_core.package_identification:_identify(src) by extension 'python_setup_py'
[0.498s] Level 1:colcon.colcon_core.package_identification:_identify(src/surveillance_robot) by extensions ['ignore', 'ignore_ament_install']
[0.498s] Level 1:colcon.colcon_core.package_identification:_identify(src/surveillance_robot) by extension 'ignore'
[0.498s] Level 1:colcon.colcon_core.package_identification:_identify(src/surveillance_robot) by extension 'ignore_ament_install'
[0.498s] Level 1:colcon.colcon_core.package_identification:_identify(src/surveillance_robot) by extensions ['colcon_pkg']
[0.498s] Level 1:colcon.colcon_core.package_identification:_identify(src/surveillance_robot) by extension 'colcon_pkg'
[0.498s] Level 1:colcon.colcon_core.package_identification:_identify(src/surveillance_robot) by extensions ['colcon_meta']
[0.498s] Level 1:colcon.colcon_core.package_identification:_identify(src/surveillance_robot) by extension 'colcon_meta'
[0.498s] Level 1:colcon.colcon_core.package_identification:_identify(src/surveillance_robot) by extensions ['ros']
[0.498s] Level 1:colcon.colcon_core.package_identification:_identify(src/surveillance_robot) by extension 'ros'
[0.504s] DEBUG:colcon.colcon_core.package_identification:Package 'src/surveillance_robot' with type 'ros.ament_python' and name 'surveillance_robot'
[0.505s] Level 1:colcon.colcon_core.package_identification:_identify(test) by extensions ['ignore', 'ignore_ament_install']
[0.505s] Level 1:colcon.colcon_core.package_identification:_identify(test) by extension 'ignore'
[0.505s] Level 1:colcon.colcon_core.package_identification:_identify(test) by extension 'ignore_ament_install'
[0.505s] Level 1:colcon.colcon_core.package_identification:_identify(test) by extensions ['colcon_pkg']
[0.505s] Level 1:colcon.colcon_core.package_identification:_identify(test) by extension 'colcon_pkg'
[0.505s] Level 1:colcon.colcon_core.package_identification:_identify(test) by extensions ['colcon_meta']
[0.505s] Level 1:colcon.colcon_core.package_identification:_identify(test) by extension 'colcon_meta'
[0.505s] Level 1:colcon.colcon_core.package_identification:_identify(test) by extensions ['ros']
[0.505s] Level 1:colcon.colcon_core.package_identification:_identify(test) by extension 'ros'
[0.506s] Level 1:colcon.colcon_core.package_identification:_identify(test) by extensions ['cmake', 'python']
[0.506s] Level 1:colcon.colcon_core.package_identification:_identify(test) by extension 'cmake'
[0.506s] Level 1:colcon.colcon_core.package_identification:_identify(test) by extension 'python'
[0.506s] Level 1:colcon.colcon_core.package_identification:_identify(test) by extensions ['python_setup_py']
[0.506s] Level 1:colcon.colcon_core.package_identification:_identify(test) by extension 'python_setup_py'
[0.506s] Level 1:colcon.colcon_core.package_discovery:discover_packages(recursive) using defaults
[0.506s] Level 1:colcon.colcon_core.package_discovery:discover_packages(ignore) discover
[0.506s] Level 1:colcon.colcon_core.package_discovery:discover_packages(ignore) using defaults
[0.506s] Level 1:colcon.colcon_core.package_discovery:discover_packages(path) discover
[0.506s] Level 1:colcon.colcon_core.package_discovery:discover_packages(path) using defaults
[0.541s] Level 1:colcon.colcon_core.package_discovery:discover_packages(prefix_path) check parameters
[0.541s] Level 1:colcon.colcon_core.package_discovery:discover_packages(prefix_path) discover
[0.547s] DEBUG:colcon.colcon_installed_package_information.package_discovery:Found 1 installed packages in /home/steve/ros2-surveillance-robot/install
[0.550s] DEBUG:colcon.colcon_installed_package_information.package_discovery:Found 288 installed packages in /opt/ros/jazzy
[0.551s] Level 1:colcon.colcon_core.package_discovery:discover_packages(prefix_path) using defaults
[0.672s] Level 5:colcon.colcon_core.verb:set package 'surveillance_robot' build argument 'cmake_args' from command line to 'None'
[0.672s] Level 5:colcon.colcon_core.verb:set package 'surveillance_robot' build argument 'cmake_target' from command line to 'None'
[0.672s] Level 5:colcon.colcon_core.verb:set package 'surveillance_robot' build argument 'cmake_target_skip_unavailable' from command line to 'False'
[0.673s] Level 5:colcon.colcon_core.verb:set package 'surveillance_robot' build argument 'cmake_clean_cache' from command line to 'False'
[0.673s] Level 5:colcon.colcon_core.verb:set package 'surveillance_robot' build argument 'cmake_clean_first' from command line to 'False'
[0.673s] Level 5:colcon.colcon_core.verb:set package 'surveillance_robot' build argument 'cmake_force_configure' from command line to 'False'
[0.673s] Level 5:colcon.colcon_core.verb:set package 'surveillance_robot' build argument 'ament_cmake_args' from command line to 'None'
[0.673s] Level 5:colcon.colcon_core.verb:set package 'surveillance_robot' build argument 'catkin_cmake_args' from command line to 'None'
[0.673s] Level 5:colcon.colcon_core.verb:set package 'surveillance_robot' build argument 'catkin_skip_building_tests' from command line to 'False'
[0.673s] DEBUG:colcon.colcon_core.verb:Building package 'surveillance_robot' with the following arguments: {'ament_cmake_args': None, 'build_base': '/home/steve/ros2-surveillance-robot/build/surveillance_robot', 'catkin_cmake_args': None, 'catkin_skip_building_tests': False, 'cmake_args': None, 'cmake_clean_cache': False, 'cmake_clean_first': False, 'cmake_force_configure': False, 'cmake_target': None, 'cmake_target_skip_unavailable': False, 'install_base': '/home/steve/ros2-surveillance-robot/install/surveillance_robot', 'merge_install': False, 'path': '/home/steve/ros2-surveillance-robot/src/surveillance_robot', 'symlink_install': False, 'test_result_base': None}
[0.673s] INFO:colcon.colcon_core.executor:Executing jobs using 'parallel' executor
[0.674s] DEBUG:colcon.colcon_parallel_executor.executor.parallel:run_until_complete
[0.674s] INFO:colcon.colcon_ros.task.ament_python.build:Building ROS package in '/home/steve/ros2-surveillance-robot/src/surveillance_robot' with build type 'ament_python'
[0.674s] Level 1:colcon.colcon_core.shell:create_environment_hook('surveillance_robot', 'ament_prefix_path')
[0.682s] INFO:colcon.colcon_core.plugin_system:Skipping extension 'colcon_core.shell.bat': Not used on non-Windows systems
[0.682s] INFO:colcon.colcon_core.shell:Creating environment hook '/home/steve/ros2-surveillance-robot/install/surveillance_robot/share/surveillance_robot/hook/ament_prefix_path.ps1'
[0.683s] INFO:colcon.colcon_core.shell:Creating environment descriptor '/home/steve/ros2-surveillance-robot/install/surveillance_robot/share/surveillance_robot/hook/ament_prefix_path.dsv'
[0.684s] INFO:colcon.colcon_core.shell:Creating environment hook '/home/steve/ros2-surveillance-robot/install/surveillance_robot/share/surveillance_robot/hook/ament_prefix_path.sh'
[0.685s] INFO:colcon.colcon_core.shell:Skip shell extension 'powershell' for command environment: Not usable outside of PowerShell
[0.685s] DEBUG:colcon.colcon_core.shell:Skip shell extension 'dsv' for command environment
[0.920s] INFO:colcon.colcon_core.task.python.build:Building Python package in '/home/steve/ros2-surveillance-robot/src/surveillance_robot'
[0.921s] INFO:colcon.colcon_core.shell:Skip shell extension 'powershell' for command environment: Not usable outside of PowerShell
[0.921s] DEBUG:colcon.colcon_core.shell:Skip shell extension 'dsv' for command environment
[1.930s] DEBUG:colcon.colcon_core.event_handler.log_command:Invoking command in '/home/steve/ros2-surveillance-robot/src/surveillance_robot': PYTHONPATH=/home/steve/ros2-surveillance-robot/build/surveillance_robot/prefix_override:/usr/lib/python3/dist-packages/colcon_core/task/python/colcon_distutils_commands:/home/steve/ros2-surveillance-robot/install/surveillance_robot/lib/python3.12/site-packages:${PYTHONPATH} /usr/bin/python3 -W ignore:setup.py install is deprecated -W ignore:easy_install command is deprecated setup.py egg_info --egg-base ../../build/surveillance_robot build --build-base /home/steve/ros2-surveillance-robot/build/surveillance_robot/build install --record /home/steve/ros2-surveillance-robot/build/surveillance_robot/install.log --single-version-externally-managed install_data
[2.517s] DEBUG:colcon.colcon_core.event_handler.log_command:Invoked command in '/home/steve/ros2-surveillance-robot/src/surveillance_robot' returned '0': PYTHONPATH=/home/steve/ros2-surveillance-robot/build/surveillance_robot/prefix_override:/usr/lib/python3/dist-packages/colcon_core/task/python/colcon_distutils_commands:/home/steve/ros2-surveillance-robot/install/surveillance_robot/lib/python3.12/site-packages:${PYTHONPATH} /usr/bin/python3 -W ignore:setup.py install is deprecated -W ignore:easy_install command is deprecated setup.py egg_info --egg-base ../../build/surveillance_robot build --build-base /home/steve/ros2-surveillance-robot/build/surveillance_robot/build install --record /home/steve/ros2-surveillance-robot/build/surveillance_robot/install.log --single-version-externally-managed install_data
[2.524s] Level 1:colcon.colcon_core.environment:checking '/home/steve/ros2-surveillance-robot/install/surveillance_robot' for CMake module files
[2.525s] Level 1:colcon.colcon_core.environment:checking '/home/steve/ros2-surveillance-robot/install/surveillance_robot' for CMake config files
[2.528s] Level 1:colcon.colcon_core.environment:checking '/home/steve/ros2-surveillance-robot/install/surveillance_robot/lib'
[2.528s] Level 1:colcon.colcon_core.environment:checking '/home/steve/ros2-surveillance-robot/install/surveillance_robot/bin'
[2.529s] Level 1:colcon.colcon_core.environment:checking '/home/steve/ros2-surveillance-robot/install/surveillance_robot/lib/pkgconfig/surveillance_robot.pc'
[2.529s] Level 1:colcon.colcon_core.environment:checking '/home/steve/ros2-surveillance-robot/install/surveillance_robot/lib/python3.12/site-packages'
[2.529s] Level 1:colcon.colcon_core.shell:create_environment_hook('surveillance_robot', 'pythonpath')
[2.529s] INFO:colcon.colcon_core.shell:Creating environment hook '/home/steve/ros2-surveillance-robot/install/surveillance_robot/share/surveillance_robot/hook/pythonpath.ps1'
[2.530s] INFO:colcon.colcon_core.shell:Creating environment descriptor '/home/steve/ros2-surveillance-robot/install/surveillance_robot/share/surveillance_robot/hook/pythonpath.dsv'
[2.530s] INFO:colcon.colcon_core.shell:Creating environment hook '/home/steve/ros2-surveillance-robot/install/surveillance_robot/share/surveillance_robot/hook/pythonpath.sh'
[2.531s] Level 1:colcon.colcon_core.environment:checking '/home/steve/ros2-surveillance-robot/install/surveillance_robot/bin'
[2.531s] Level 1:colcon.colcon_core.environment:create_environment_scripts_only(surveillance_robot)
[2.531s] INFO:colcon.colcon_core.shell:Creating package script '/home/steve/ros2-surveillance-robot/install/surveillance_robot/share/surveillance_robot/package.ps1'
[2.532s] INFO:colcon.colcon_core.shell:Creating package descriptor '/home/steve/ros2-surveillance-robot/install/surveillance_robot/share/surveillance_robot/package.dsv'
[2.533s] INFO:colcon.colcon_core.shell:Creating package script '/home/steve/ros2-surveillance-robot/install/surveillance_robot/share/surveillance_robot/package.sh'
[2.534s] INFO:colcon.colcon_core.shell:Creating package script '/home/steve/ros2-surveillance-robot/install/surveillance_robot/share/surveillance_robot/package.bash'
[2.535s] INFO:colcon.colcon_core.shell:Creating package script '/home/steve/ros2-surveillance-robot/install/surveillance_robot/share/surveillance_robot/package.zsh'
[2.535s] Level 1:colcon.colcon_core.environment:create_file_with_runtime_dependencies(/home/steve/ros2-surveillance-robot/install/surveillance_robot/share/colcon-core/packages/surveillance_robot)
[2.536s] DEBUG:colcon.colcon_parallel_executor.executor.parallel:closing loop
[2.537s] DEBUG:colcon.colcon_parallel_executor.executor.parallel:loop closed
[2.537s] DEBUG:colcon.colcon_parallel_executor.executor.parallel:run_until_complete finished with '0'
[2.537s] DEBUG:colcon.colcon_core.event_reactor:joining thread
[2.574s] INFO:colcon.colcon_core.plugin_system:Skipping extension 'colcon_notification.desktop_notification.notify_send': Could not find 'notify-send'
[2.574s] INFO:colcon.colcon_core.plugin_system:Skipping extension 'colcon_notification.desktop_notification.terminal_notifier': Not used on non-Darwin systems
[2.575s] INFO:colcon.colcon_core.plugin_system:Skipping extension 'colcon_notification.desktop_notification.win32': Not used on non-Windows systems
[2.575s] INFO:colcon.colcon_notification.desktop_notification:Sending desktop notification using 'notify2'
[2.577s] DEBUG:colcon.colcon_notification.desktop_notification.notify2:Failed to initialize notify2: org.freedesktop.DBus.Error.ServiceUnknown: The name org.freedesktop.Notifications was not provided by any .service files
[2.577s] DEBUG:colcon.colcon_core.event_reactor:joined thread
[2.577s] INFO:colcon.colcon_core.shell:Creating prefix script '/home/steve/ros2-surveillance-robot/install/local_setup.ps1'
[2.578s] INFO:colcon.colcon_core.shell:Creating prefix util module '/home/steve/ros2-surveillance-robot/install/_local_setup_util_ps1.py'
[2.580s] INFO:colcon.colcon_core.shell:Creating prefix chain script '/home/steve/ros2-surveillance-robot/install/setup.ps1'
[2.581s] INFO:colcon.colcon_core.shell:Creating prefix script '/home/steve/ros2-surveillance-robot/install/local_setup.sh'
[2.582s] INFO:colcon.colcon_core.shell:Creating prefix util module '/home/steve/ros2-surveillance-robot/install/_local_setup_util_sh.py'
[2.582s] INFO:colcon.colcon_core.shell:Creating prefix chain script '/home/steve/ros2-surveillance-robot/install/setup.sh'
[2.584s] INFO:colcon.colcon_core.shell:Creating prefix script '/home/steve/ros2-surveillance-robot/install/local_setup.bash'
[2.585s] INFO:colcon.colcon_core.shell:Creating prefix chain script '/home/steve/ros2-surveillance-robot/install/setup.bash'
[2.586s] INFO:colcon.colcon_core.shell:Creating prefix script '/home/steve/ros2-surveillance-robot/install/local_setup.zsh'
[2.587s] INFO:colcon.colcon_core.shell:Creating prefix chain script '/home/steve/ros2-surveillance-robot/install/setup.zsh'
